Using pre-set license

 COMMAND LINE ARGUMENTS:
/Applications/Unity/Hub/Editor/2021.1.5f1/Unity.app/Contents/MacOS/Unity
-adb2
-batchMode
-noUpm
-name
AssetImportWorker0
-projectPath
/Users/yanhaozhao/Desktop/306assig1
-logFile
Logs/AssetImportWorker0.log
-srvPort
53555
Successfully changed project path to: /Users/yanhaozhao/Desktop/306assig1
/Users/yanhaozhao/Desktop/306assig1
Using Asset Import Pipeline V2.
Refreshing native plugins compatible for Editor in 127.57 ms, found 2 plugins.
Preloading 0 native plugins for Editor in 0.00 ms.
Initialize engine version: 2021.1.5f1 (3737af19df53)
[Subsystems] Discovering subsystems at path /Applications/Unity/Hub/Editor/2021.1.5f1/Unity.app/Contents/Resources/UnitySubsystems
[Subsystems] Discovering subsystems at path /Users/yanhaozhao/Desktop/306assig1/Assets
GfxDevice: creating device client; threaded=0; jobified=0
2021-11-04 23:50:25.411 Unity[56182:5737750] Color LCD preferred device: Intel(R) Iris(TM) Plus Graphics 655 (low power)
2021-11-04 23:50:25.411 Unity[56182:5737750] Metal devices available: 1
2021-11-04 23:50:25.411 Unity[56182:5737750] 0: Intel(R) Iris(TM) Plus Graphics 655 (low power)
2021-11-04 23:50:25.412 Unity[56182:5737750] Using device Intel(R) Iris(TM) Plus Graphics 655 (low power)
Initializing Metal device caps: Intel(R) Iris(TM) Plus Graphics 655
Initialize mono
Mono path[0] = '/Applications/Unity/Hub/Editor/2021.1.5f1/Unity.app/Contents/Managed'
Mono path[1] = '/Applications/Unity/Hub/Editor/2021.1.5f1/Unity.app/Contents/MonoBleedingEdge/lib/mono/unityjit'
Mono config path = '/Applications/Unity/Hub/Editor/2021.1.5f1/Unity.app/Contents/MonoBleedingEdge/etc'
Using monoOptions --debugger-agent=transport=dt_socket,embedding=1,server=y,suspend=n,address=127.0.0.1:56182
Begin MonoManager ReloadAssembly
Registering precompiled unity dll's ...
Register platform support module: /Applications/Unity/Hub/Editor/2021.1.5f1/Unity.app/Contents/PlaybackEngines/MacStandaloneSupport/UnityEditor.OSXStandalone.Extensions.dll
Registered in 0.003161 seconds.
Native extension for OSXStandalone target not found
Refreshing native plugins compatible for Editor in 107.10 ms, found 2 plugins.
Preloading 0 native plugins for Editor in 0.00 ms.
Mono: successfully reloaded assembly
- Completed reload, in  3.736 seconds
Platform modules already initialized, skipping
Registering precompiled user dll's ...
Registered in 0.006673 seconds.
Begin MonoManager ReloadAssembly
Native extension for OSXStandalone target not found
Refreshing native plugins compatible for Editor in 123.26 ms, found 2 plugins.
Preloading 0 native plugins for Editor in 0.00 ms.
Mono: successfully reloaded assembly
- Completed reload, in  1.957 seconds
Platform modules already initialized, skipping
========================================================================
Worker process is ready to serve import requests
Launching external process: /Applications/Unity/Hub/Editor/2021.1.5f1/Unity.app/Contents/Tools/UnityShaderCompiler
Launched and connected shader compiler UnityShaderCompiler after 0.05 seconds
Refreshing native plugins compatible for Editor in 0.87 ms, found 2 plugins.
Preloading 0 native plugins for Editor in 0.00 ms.
Unloading 3372 Unused Serialized files (Serialized files now loaded: 0)
System memory in use before: 204.7 MB.
System memory in use after: 204.8 MB.

Unloading 29 unused Assets to reduce memory usage. Loaded Objects now: 3824.
Total: 4.526768 ms (FindLiveObjects: 0.527429 ms CreateObjectMapping: 0.323570 ms MarkObjects: 3.523865 ms  DeleteObjects: 0.149216 ms)

========================================================================
Received Import Request.
  path: Assets/Tiny RPG Forest/Artwork/Environment/tileset-sliced_131.asset
  artifactKey: Guid(527b7507c6c4340d193d87de0f5e9d55) Importer(815301076,1909f56bfc062723c751e8b465ee728b)
Start importing Assets/Tiny RPG Forest/Artwork/Environment/tileset-sliced_131.asset using Guid(527b7507c6c4340d193d87de0f5e9d55) Importer(815301076,1909f56bfc062723c751e8b465ee728b)  -> (artifact id: '32ffe45e7f80d7d7c3359b2ca253de35') in 1.930972 seconds 
========================================================================
Received Import Request.
  Time since last request: 0.000637 seconds.
  path: Assets/Tiny RPG Forest/Artwork/Environment/tileset-sliced_143.asset
  artifactKey: Guid(deda046b6b99143a3b893452c7f55cd6) Importer(815301076,1909f56bfc062723c751e8b465ee728b)
Start importing Assets/Tiny RPG Forest/Artwork/Environment/tileset-sliced_143.asset using Guid(deda046b6b99143a3b893452c7f55cd6) Importer(815301076,1909f56bfc062723c751e8b465ee728b)  -> (artifact id: 'a58261ccbb4a6808e615e28db524c78f') in 0.008853 seconds 
========================================================================
Received Import Request.
  Time since last request: 0.000302 seconds.
  path: Assets/Tiny RPG Forest/Artwork/Environment/tileset-sliced_145.asset
  artifactKey: Guid(4dec8982609304edc939a3ff22a9b302) Importer(815301076,1909f56bfc062723c751e8b465ee728b)
Start importing Assets/Tiny RPG Forest/Artwork/Environment/tileset-sliced_145.asset using Guid(4dec8982609304edc939a3ff22a9b302) Importer(815301076,1909f56bfc062723c751e8b465ee728b)  -> (artifact id: '94e634df9b308b79dd6ce9eb173a2f2e') in 0.007943 seconds 
========================================================================
Received Import Request.
  Time since last request: 0.000264 seconds.
  path: Assets/Tiny RPG Forest/Artwork/Environment/tileset-sliced_112.asset
  artifactKey: Guid(f5675e35b2b3740d3bdac0f439ac8a16) Importer(815301076,1909f56bfc062723c751e8b465ee728b)
Start importing Assets/Tiny RPG Forest/Artwork/Environment/tileset-sliced_112.asset using Guid(f5675e35b2b3740d3bdac0f439ac8a16) Importer(815301076,1909f56bfc062723c751e8b465ee728b)  -> (artifact id: 'd8487e15d0e004f69bc7ce4d3bf5c8e2') in 0.008128 seconds 
========================================================================
Received Import Request.
  Time since last request: 0.000245 seconds.
  path: Assets/Tiny RPG Forest/Artwork/Environment/tileset-sliced_134.asset
  artifactKey: Guid(92d4329fe3bae4f10840b25a0654a226) Importer(815301076,1909f56bfc062723c751e8b465ee728b)
Start importing Assets/Tiny RPG Forest/Artwork/Environment/tileset-sliced_134.asset using Guid(92d4329fe3bae4f10840b25a0654a226) Importer(815301076,1909f56bfc062723c751e8b465ee728b)  -> (artifact id: '7c5f97bba8ec295bce5ad743dbdc30e2') in 0.008029 seconds 
========================================================================
Received Import Request.
  Time since last request: 0.000273 seconds.
  path: Assets/Tiny RPG Forest/Artwork/Environment/tileset-sliced_111.asset
  artifactKey: Guid(1fc2ace69f6bc4531a8533ffeb0eaffa) Importer(815301076,1909f56bfc062723c751e8b465ee728b)
Start importing Assets/Tiny RPG Forest/Artwork/Environment/tileset-sliced_111.asset using Guid(1fc2ace69f6bc4531a8533ffeb0eaffa) Importer(815301076,1909f56bfc062723c751e8b465ee728b)  -> (artifact id: 'd0a19ff50378068bac79d67d94547ec0') in 0.033747 seconds 
========================================================================
Received Import Request.
  Time since last request: 0.000236 seconds.
  path: Assets/Tiny RPG Forest/Artwork/Environment/tileset-sliced_150.asset
  artifactKey: Guid(67b1b9fa517f849cf9e1a0e12cb99303) Importer(815301076,1909f56bfc062723c751e8b465ee728b)
Start importing Assets/Tiny RPG Forest/Artwork/Environment/tileset-sliced_150.asset using Guid(67b1b9fa517f849cf9e1a0e12cb99303) Importer(815301076,1909f56bfc062723c751e8b465ee728b)  -> (artifact id: '987d97eef08b228f3025a3654a7b93cf') in 0.008630 seconds 
========================================================================
Received Import Request.
  Time since last request: 0.000568 seconds.
  path: Assets/Tiny RPG Forest/Artwork/Environment/tileset-sliced_115.asset
  artifactKey: Guid(1205ebb42bf5a463db4e842bcdbe7523) Importer(815301076,1909f56bfc062723c751e8b465ee728b)
Start importing Assets/Tiny RPG Forest/Artwork/Environment/tileset-sliced_115.asset using Guid(1205ebb42bf5a463db4e842bcdbe7523) Importer(815301076,1909f56bfc062723c751e8b465ee728b)  -> (artifact id: 'c462d85c047d473a5c7327f5f899b6f9') in 0.038923 seconds 
========================================================================
Received Import Request.
  Time since last request: 0.002485 seconds.
  path: Assets/Tiny RPG Forest/Artwork/Environment/tileset-sliced_149.asset
  artifactKey: Guid(e23b59c76e6b248cb84ec25ba3bf43aa) Importer(815301076,1909f56bfc062723c751e8b465ee728b)
Start importing Assets/Tiny RPG Forest/Artwork/Environment/tileset-sliced_149.asset using Guid(e23b59c76e6b248cb84ec25ba3bf43aa) Importer(815301076,1909f56bfc062723c751e8b465ee728b)  -> (artifact id: '66514a1fa002b7172a6ec47a932bc932') in 0.008122 seconds 
========================================================================
Received Import Request.
  Time since last request: 0.000284 seconds.
  path: Assets/Tiny RPG Forest/Artwork/Environment/tileset-sliced_129.asset
  artifactKey: Guid(bf080c627d14547228e73665ce14a4b0) Importer(815301076,1909f56bfc062723c751e8b465ee728b)
Start importing Assets/Tiny RPG Forest/Artwork/Environment/tileset-sliced_129.asset using Guid(bf080c627d14547228e73665ce14a4b0) Importer(815301076,1909f56bfc062723c751e8b465ee728b)  -> (artifact id: 'dfbeca7428b31fa60ce55063171028cd') in 0.009866 seconds 
========================================================================
Received Import Request.
  Time since last request: 0.000248 seconds.
  path: Assets/Tiny RPG Forest/Artwork/Environment/tileset-sliced_130.asset
  artifactKey: Guid(789cb4a02806342ebb3ee15cbe6dc16a) Importer(815301076,1909f56bfc062723c751e8b465ee728b)
Start importing Assets/Tiny RPG Forest/Artwork/Environment/tileset-sliced_130.asset using Guid(789cb4a02806342ebb3ee15cbe6dc16a) Importer(815301076,1909f56bfc062723c751e8b465ee728b)  -> (artifact id: 'fb9a2aa3732f6ec5c1de3c0ea9f76caa') in 0.007007 seconds 
========================================================================
Received Import Request.
  Time since last request: 0.000294 seconds.
  path: Assets/Tiny RPG Forest/Artwork/Environment/tileset-sliced_114.asset
  artifactKey: Guid(7a190cf2c1f854b1f9d0918a75c9b4e3) Importer(815301076,1909f56bfc062723c751e8b465ee728b)
Start importing Assets/Tiny RPG Forest/Artwork/Environment/tileset-sliced_114.asset using Guid(7a190cf2c1f854b1f9d0918a75c9b4e3) Importer(815301076,1909f56bfc062723c751e8b465ee728b)  -> (artifact id: 'f2d7f05e9b037d6a99f0cb50e3e5b3a9') in 0.010921 seconds 
========================================================================
Received Import Request.
  Time since last request: 0.000292 seconds.
  path: Assets/Tiny RPG Forest/Artwork/Environment/tileset-sliced_118.asset
  artifactKey: Guid(5880c76957ad04abb944f0965e1a1c4d) Importer(815301076,1909f56bfc062723c751e8b465ee728b)
Start importing Assets/Tiny RPG Forest/Artwork/Environment/tileset-sliced_118.asset using Guid(5880c76957ad04abb944f0965e1a1c4d) Importer(815301076,1909f56bfc062723c751e8b465ee728b)  -> (artifact id: '7860f567b780cfa931a100edcd0041d9') in 0.014103 seconds 
========================================================================
Received Import Request.
  Time since last request: 0.000341 seconds.
  path: Assets/Tiny RPG Forest/Artwork/Environment/tileset-sliced_137.asset
  artifactKey: Guid(125467bb5199543519998bc79a871f4a) Importer(815301076,1909f56bfc062723c751e8b465ee728b)
Start importing Assets/Tiny RPG Forest/Artwork/Environment/tileset-sliced_137.asset using Guid(125467bb5199543519998bc79a871f4a) Importer(815301076,1909f56bfc062723c751e8b465ee728b)  -> (artifact id: 'edf95f8d27257b5d59f7da2639293d6e') in 0.008367 seconds 
========================================================================
Received Import Request.
  Time since last request: 0.001435 seconds.
  path: Assets/Tiny RPG Forest/Artwork/Environment/tileset-sliced_133.asset
  artifactKey: Guid(bbe44c6f0bb1c4d8fbffeef49ffc87a0) Importer(815301076,1909f56bfc062723c751e8b465ee728b)
Start importing Assets/Tiny RPG Forest/Artwork/Environment/tileset-sliced_133.asset using Guid(bbe44c6f0bb1c4d8fbffeef49ffc87a0) Importer(815301076,1909f56bfc062723c751e8b465ee728b)  -> (artifact id: 'e7e807927cd62ee15c4e7974eafcd822') in 0.010844 seconds 
========================================================================
Received Import Request.
  Time since last request: 0.000423 seconds.
  path: Assets/Tiny RPG Forest/Artwork/Environment/tileset-sliced_117.asset
  artifactKey: Guid(0e26143dd9d4b474f85d913e0fad5b42) Importer(815301076,1909f56bfc062723c751e8b465ee728b)
Start importing Assets/Tiny RPG Forest/Artwork/Environment/tileset-sliced_117.asset using Guid(0e26143dd9d4b474f85d913e0fad5b42) Importer(815301076,1909f56bfc062723c751e8b465ee728b)  -> (artifact id: 'be30d71a0593393e820115eb6169ec96') in 0.010085 seconds 
========================================================================
Received Import Request.
  Time since last request: 0.000302 seconds.
  path: Assets/Tiny RPG Forest/Artwork/Environment/tileset-sliced_109.asset
  artifactKey: Guid(a0d44582f8c1647ff8564f99783eb542) Importer(815301076,1909f56bfc062723c751e8b465ee728b)
Start importing Assets/Tiny RPG Forest/Artwork/Environment/tileset-sliced_109.asset using Guid(a0d44582f8c1647ff8564f99783eb542) Importer(815301076,1909f56bfc062723c751e8b465ee728b)  -> (artifact id: '10f5561691dc92629c4c051e7df3ecd8') in 0.016140 seconds 
========================================================================
Received Import Request.
  Time since last request: 0.000333 seconds.
  path: Assets/Tiny RPG Forest/Artwork/Environment/tileset-sliced_122.asset
  artifactKey: Guid(c2e17a38b9c1a427b838733b118cecda) Importer(815301076,1909f56bfc062723c751e8b465ee728b)
Start importing Assets/Tiny RPG Forest/Artwork/Environment/tileset-sliced_122.asset using Guid(c2e17a38b9c1a427b838733b118cecda) Importer(815301076,1909f56bfc062723c751e8b465ee728b)  -> (artifact id: '06679f01a2811f643ca07e5f9bbe70da') in 0.010071 seconds 
========================================================================
Received Import Request.
  Time since last request: 0.000255 seconds.
  path: Assets/Tiny RPG Forest/Artwork/Environment/tileset-sliced_155.asset
  artifactKey: Guid(ca437de16cb5c4146a81399237503bbd) Importer(815301076,1909f56bfc062723c751e8b465ee728b)
Start importing Assets/Tiny RPG Forest/Artwork/Environment/tileset-sliced_155.asset using Guid(ca437de16cb5c4146a81399237503bbd) Importer(815301076,1909f56bfc062723c751e8b465ee728b)  -> (artifact id: '53fb61b0c29de0330067e320b03ea073') in 0.007033 seconds 
========================================================================
Received Import Request.
  Time since last request: 0.000227 seconds.
  path: Assets/Tiny RPG Forest/Artwork/Environment/tileset-sliced_127.asset
  artifactKey: Guid(e673a1741993b45169b9946c0789c5c6) Importer(815301076,1909f56bfc062723c751e8b465ee728b)
Start importing Assets/Tiny RPG Forest/Artwork/Environment/tileset-sliced_127.asset using Guid(e673a1741993b45169b9946c0789c5c6) Importer(815301076,1909f56bfc062723c751e8b465ee728b)  -> (artifact id: '334ad84501af1947cfd9e6e28fadcc94') in 0.005549 seconds 
========================================================================
Received Import Request.
  Time since last request: 0.000319 seconds.
  path: Assets/Tiny RPG Forest/Artwork/Environment/tileset-sliced_151.asset
  artifactKey: Guid(b39f530c47a074110bfcf6a2ca564416) Importer(815301076,1909f56bfc062723c751e8b465ee728b)
Start importing Assets/Tiny RPG Forest/Artwork/Environment/tileset-sliced_151.asset using Guid(b39f530c47a074110bfcf6a2ca564416) Importer(815301076,1909f56bfc062723c751e8b465ee728b)  -> (artifact id: 'ba8fc9e032f72ea673a20bd29afc6d51') in 0.005415 seconds 
========================================================================
Received Import Request.
  Time since last request: 0.000258 seconds.
  path: Assets/Tiny RPG Forest/Artwork/Environment/tileset-sliced_138.asset
  artifactKey: Guid(aa8596d9cf55a4682a25ffa25b7ae73b) Importer(815301076,1909f56bfc062723c751e8b465ee728b)
Start importing Assets/Tiny RPG Forest/Artwork/Environment/tileset-sliced_138.asset using Guid(aa8596d9cf55a4682a25ffa25b7ae73b) Importer(815301076,1909f56bfc062723c751e8b465ee728b)  -> (artifact id: '2a58880ceb78f970e90e2f89061e4ad9') in 0.006257 seconds 
========================================================================
Received Import Request.
  Time since last request: 0.000247 seconds.
  path: Assets/Tiny RPG Forest/Artwork/Environment/tileset-sliced_119.asset
  artifactKey: Guid(fa777ab9e2af3432fb8a07090f0d0844) Importer(815301076,1909f56bfc062723c751e8b465ee728b)
Start importing Assets/Tiny RPG Forest/Artwork/Environment/tileset-sliced_119.asset using Guid(fa777ab9e2af3432fb8a07090f0d0844) Importer(815301076,1909f56bfc062723c751e8b465ee728b)  -> (artifact id: '18e6cfce2426b8606c12c714b757e10a') in 0.005333 seconds 
========================================================================
Received Import Request.
  Time since last request: 0.000228 seconds.
  path: Assets/Tiny RPG Forest/Artwork/Environment/tileset-sliced_123.asset
  artifactKey: Guid(d02d0381c6c73452c8a92d52d2c1794b) Importer(815301076,1909f56bfc062723c751e8b465ee728b)
Start importing Assets/Tiny RPG Forest/Artwork/Environment/tileset-sliced_123.asset using Guid(d02d0381c6c73452c8a92d52d2c1794b) Importer(815301076,1909f56bfc062723c751e8b465ee728b)  -> (artifact id: '628d54fb24e2c993a97962f7545283e3') in 0.005834 seconds 
========================================================================
Received Import Request.
  Time since last request: 0.000243 seconds.
  path: Assets/Tiny RPG Forest/Artwork/Environment/tileset-sliced_141.asset
  artifactKey: Guid(9eab43db6f2674c4486203d62f985c9d) Importer(815301076,1909f56bfc062723c751e8b465ee728b)
Start importing Assets/Tiny RPG Forest/Artwork/Environment/tileset-sliced_141.asset using Guid(9eab43db6f2674c4486203d62f985c9d) Importer(815301076,1909f56bfc062723c751e8b465ee728b)  -> (artifact id: 'ed3979878e22cb04fdb4e0c3d07e83d5') in 0.006303 seconds 
========================================================================
Received Import Request.
  Time since last request: 0.000253 seconds.
  path: Assets/Tiny RPG Forest/Artwork/Environment/tileset-sliced_124.asset
  artifactKey: Guid(abf47313034f549f8a9d56e3acab36f6) Importer(815301076,1909f56bfc062723c751e8b465ee728b)
Start importing Assets/Tiny RPG Forest/Artwork/Environment/tileset-sliced_124.asset using Guid(abf47313034f549f8a9d56e3acab36f6) Importer(815301076,1909f56bfc062723c751e8b465ee728b)  -> (artifact id: '1b893f0a297e72c6871990e734f7ee75') in 0.007218 seconds 
========================================================================
Received Import Request.
  Time since last request: 0.000246 seconds.
  path: Assets/Tiny RPG Forest/Artwork/Environment/tileset-sliced_128.asset
  artifactKey: Guid(4e66b0a8ef5de4e0990c856b694a94ed) Importer(815301076,1909f56bfc062723c751e8b465ee728b)
Start importing Assets/Tiny RPG Forest/Artwork/Environment/tileset-sliced_128.asset using Guid(4e66b0a8ef5de4e0990c856b694a94ed) Importer(815301076,1909f56bfc062723c751e8b465ee728b)  -> (artifact id: 'fce2a0215722236bf1b1f9b786ca32d4') in 0.009149 seconds 
========================================================================
Received Import Request.
  Time since last request: 0.000327 seconds.
  path: Assets/Tiny RPG Forest/Artwork/Environment/tileset-sliced_126.asset
  artifactKey: Guid(f78051b6686ac46dbaa2570addb65a98) Importer(815301076,1909f56bfc062723c751e8b465ee728b)
Start importing Assets/Tiny RPG Forest/Artwork/Environment/tileset-sliced_126.asset using Guid(f78051b6686ac46dbaa2570addb65a98) Importer(815301076,1909f56bfc062723c751e8b465ee728b)  -> (artifact id: 'd9624f6c12271c14e4ec6c230d63d440') in 0.009139 seconds 
========================================================================
Received Import Request.
  Time since last request: 0.000753 seconds.
  path: Assets/Tiny RPG Forest/Artwork/Environment/tileset-sliced_140.asset
  artifactKey: Guid(00658fa44fcef4eec91ec32942c7ff4b) Importer(815301076,1909f56bfc062723c751e8b465ee728b)
Start importing Assets/Tiny RPG Forest/Artwork/Environment/tileset-sliced_140.asset using Guid(00658fa44fcef4eec91ec32942c7ff4b) Importer(815301076,1909f56bfc062723c751e8b465ee728b)  -> (artifact id: '058e0b507e52a820e2a4ef57503d2ebe') in 0.011419 seconds 
========================================================================
Received Import Request.
  Time since last request: 0.012733 seconds.
  path: Assets/Tiny RPG Forest/Artwork/Environment/tileset-sliced_147.asset
  artifactKey: Guid(06754f4b8762f48a7ac7bdf221ae311b) Importer(815301076,1909f56bfc062723c751e8b465ee728b)
Start importing Assets/Tiny RPG Forest/Artwork/Environment/tileset-sliced_147.asset using Guid(06754f4b8762f48a7ac7bdf221ae311b) Importer(815301076,1909f56bfc062723c751e8b465ee728b)  -> (artifact id: 'c2737a22cd9b6170553c225324dc45ee') in 0.031094 seconds 
========================================================================
Received Import Request.
  Time since last request: 0.000560 seconds.
  path: Assets/Tiny RPG Forest/Artwork/Environment/tileset-sliced_132.asset
  artifactKey: Guid(d19d09972a5964fd6a8dfb6157cce43c) Importer(815301076,1909f56bfc062723c751e8b465ee728b)
Start importing Assets/Tiny RPG Forest/Artwork/Environment/tileset-sliced_132.asset using Guid(d19d09972a5964fd6a8dfb6157cce43c) Importer(815301076,1909f56bfc062723c751e8b465ee728b)  -> (artifact id: 'dfd682270f167c73f8d41f7adc843a57') in 0.015536 seconds 
========================================================================
Received Import Request.
  Time since last request: 0.000619 seconds.
  path: Assets/Tiny RPG Forest/Artwork/Environment/tileset-sliced_146.asset
  artifactKey: Guid(dbf8914646f004c349474b392b8aa71a) Importer(815301076,1909f56bfc062723c751e8b465ee728b)
Start importing Assets/Tiny RPG Forest/Artwork/Environment/tileset-sliced_146.asset using Guid(dbf8914646f004c349474b392b8aa71a) Importer(815301076,1909f56bfc062723c751e8b465ee728b)  -> (artifact id: 'f30c0ceff66c19629750d102a582ddd1') in 0.029539 seconds 
========================================================================
Received Import Request.
  Time since last request: 0.000282 seconds.
  path: Assets/Tiny RPG Forest/Artwork/Environment/tileset-sliced_136.asset
  artifactKey: Guid(fa77393b352ec4d808a68d997dc0106b) Importer(815301076,1909f56bfc062723c751e8b465ee728b)
Start importing Assets/Tiny RPG Forest/Artwork/Environment/tileset-sliced_136.asset using Guid(fa77393b352ec4d808a68d997dc0106b) Importer(815301076,1909f56bfc062723c751e8b465ee728b)  -> (artifact id: '1f245d17df95226c71ca2cac9e5d7059') in 0.013095 seconds 
========================================================================
Received Import Request.
  Time since last request: 0.000487 seconds.
  path: Assets/Tiny RPG Forest/Artwork/Environment/tileset-sliced_152.asset
  artifactKey: Guid(71018b003056d4a3bb9ccd98f339fc12) Importer(815301076,1909f56bfc062723c751e8b465ee728b)
Start importing Assets/Tiny RPG Forest/Artwork/Environment/tileset-sliced_152.asset using Guid(71018b003056d4a3bb9ccd98f339fc12) Importer(815301076,1909f56bfc062723c751e8b465ee728b)  -> (artifact id: '01513e57d3cac20e4f08da59c92b885d') in 0.012074 seconds 
========================================================================
Received Import Request.
  Time since last request: 0.000432 seconds.
  path: Assets/Tiny RPG Forest/Artwork/Environment/tileset-sliced_148.asset
  artifactKey: Guid(37e532a5127804cceb9b3c76ebf2d4bd) Importer(815301076,1909f56bfc062723c751e8b465ee728b)
Start importing Assets/Tiny RPG Forest/Artwork/Environment/tileset-sliced_148.asset using Guid(37e532a5127804cceb9b3c76ebf2d4bd) Importer(815301076,1909f56bfc062723c751e8b465ee728b)  -> (artifact id: '9ce524bbab9f9b407673a43e169dfddd') in 0.010853 seconds 
========================================================================
Received Import Request.
  Time since last request: 0.000305 seconds.
  path: Assets/Tiny RPG Forest/Artwork/Environment/tileset-sliced_142.asset
  artifactKey: Guid(2d1d58166eeeb420e8c606ffa534148e) Importer(815301076,1909f56bfc062723c751e8b465ee728b)
Start importing Assets/Tiny RPG Forest/Artwork/Environment/tileset-sliced_142.asset using Guid(2d1d58166eeeb420e8c606ffa534148e) Importer(815301076,1909f56bfc062723c751e8b465ee728b)  -> (artifact id: '64a173488279aa4971667f07c9291c31') in 0.013611 seconds 
========================================================================
Received Import Request.
  Time since last request: 0.000593 seconds.
  path: Assets/Tiny RPG Forest/Artwork/Environment/tileset-sliced_157.asset
  artifactKey: Guid(cfacdb0ae09f142fd8b44f6d018ac292) Importer(815301076,1909f56bfc062723c751e8b465ee728b)
Start importing Assets/Tiny RPG Forest/Artwork/Environment/tileset-sliced_157.asset using Guid(cfacdb0ae09f142fd8b44f6d018ac292) Importer(815301076,1909f56bfc062723c751e8b465ee728b)  -> (artifact id: 'febe941c5dfc23c7041fa47a247dadf6') in 0.011997 seconds 
========================================================================
Received Import Request.
  Time since last request: 0.000268 seconds.
  path: Assets/Tiny RPG Forest/Artwork/Environment/tileset-sliced_154.asset
  artifactKey: Guid(819a03bb9a4fc4331bbe148a37e48344) Importer(815301076,1909f56bfc062723c751e8b465ee728b)
Start importing Assets/Tiny RPG Forest/Artwork/Environment/tileset-sliced_154.asset using Guid(819a03bb9a4fc4331bbe148a37e48344) Importer(815301076,1909f56bfc062723c751e8b465ee728b)  -> (artifact id: '81b6c12000f1634f8806f4a3460bc980') in 0.007668 seconds 
========================================================================
Received Import Request.
  Time since last request: 0.000292 seconds.
  path: Assets/Tiny RPG Forest/Artwork/Environment/tileset-sliced_153.asset
  artifactKey: Guid(c075887a383344c33b39677963453908) Importer(815301076,1909f56bfc062723c751e8b465ee728b)
Start importing Assets/Tiny RPG Forest/Artwork/Environment/tileset-sliced_153.asset using Guid(c075887a383344c33b39677963453908) Importer(815301076,1909f56bfc062723c751e8b465ee728b)  -> (artifact id: '3a11d41ead14cb1979f8ea96ba08fbaa') in 0.008682 seconds 
========================================================================
Received Import Request.
  Time since last request: 0.000260 seconds.
  path: Assets/Tiny RPG Forest/Artwork/Environment/tileset-sliced_156.asset
  artifactKey: Guid(aac6882e71667496980d315ecdb691e3) Importer(815301076,1909f56bfc062723c751e8b465ee728b)
Start importing Assets/Tiny RPG Forest/Artwork/Environment/tileset-sliced_156.asset using Guid(aac6882e71667496980d315ecdb691e3) Importer(815301076,1909f56bfc062723c751e8b465ee728b)  -> (artifact id: '52d0d1ce0d482e09a90f5904b4757cd5') in 0.007617 seconds 
========================================================================
Received Import Request.
  Time since last request: 0.000282 seconds.
  path: Assets/Tiny RPG Forest/Artwork/Environment/tileset-sliced_135.asset
  artifactKey: Guid(76712b5f0b6154705aac135bea625975) Importer(815301076,1909f56bfc062723c751e8b465ee728b)
Start importing Assets/Tiny RPG Forest/Artwork/Environment/tileset-sliced_135.asset using Guid(76712b5f0b6154705aac135bea625975) Importer(815301076,1909f56bfc062723c751e8b465ee728b)  -> (artifact id: '6bda4027a9427d962b0114c9c532d771') in 0.006718 seconds 
========================================================================
Received Import Request.
  Time since last request: 0.000266 seconds.
  path: Assets/Tiny RPG Forest/Artwork/Environment/tileset-sliced_110.asset
  artifactKey: Guid(2ce718df1bcbf4793be6a11cba62a9a2) Importer(815301076,1909f56bfc062723c751e8b465ee728b)
Start importing Assets/Tiny RPG Forest/Artwork/Environment/tileset-sliced_110.asset using Guid(2ce718df1bcbf4793be6a11cba62a9a2) Importer(815301076,1909f56bfc062723c751e8b465ee728b)  -> (artifact id: '4419484d5484459292d7ffeba6841ae3') in 0.010192 seconds 
========================================================================
Received Import Request.
  Time since last request: 0.000279 seconds.
  path: Assets/Tiny RPG Forest/Artwork/Environment/tileset-sliced_144.asset
  artifactKey: Guid(713154a2fbd384faf8372386869c8b2a) Importer(815301076,1909f56bfc062723c751e8b465ee728b)
Start importing Assets/Tiny RPG Forest/Artwork/Environment/tileset-sliced_144.asset using Guid(713154a2fbd384faf8372386869c8b2a) Importer(815301076,1909f56bfc062723c751e8b465ee728b)  -> (artifact id: 'b2d8f6c4062d3a5f6e28f1ee99082d3a') in 0.009922 seconds 
========================================================================
Received Import Request.
  Time since last request: 0.000308 seconds.
  path: Assets/Tiny RPG Forest/Artwork/Environment/tileset-sliced_139.asset
  artifactKey: Guid(ff96ce744b05b41e2a31e67383a84393) Importer(815301076,1909f56bfc062723c751e8b465ee728b)
Start importing Assets/Tiny RPG Forest/Artwork/Environment/tileset-sliced_139.asset using Guid(ff96ce744b05b41e2a31e67383a84393) Importer(815301076,1909f56bfc062723c751e8b465ee728b)  -> (artifact id: 'cbdddc6e938ede6158d0e1b02567b4a0') in 0.010062 seconds 
========================================================================
Received Import Request.
  Time since last request: 0.000294 seconds.
  path: Assets/Tiny RPG Forest/Artwork/Environment/tileset-sliced_116.asset
  artifactKey: Guid(249bc9abf6bae42c8809955c43200e71) Importer(815301076,1909f56bfc062723c751e8b465ee728b)
Start importing Assets/Tiny RPG Forest/Artwork/Environment/tileset-sliced_116.asset using Guid(249bc9abf6bae42c8809955c43200e71) Importer(815301076,1909f56bfc062723c751e8b465ee728b)  -> (artifact id: '56ba995fca501c691fc83eac28301123') in 0.008416 seconds 
========================================================================
Received Import Request.
  Time since last request: 0.000336 seconds.
  path: Assets/Tiny RPG Forest/Artwork/Environment/tileset-sliced_125.asset
  artifactKey: Guid(09bfac194df414fa986e049e7d1f5307) Importer(815301076,1909f56bfc062723c751e8b465ee728b)
Start importing Assets/Tiny RPG Forest/Artwork/Environment/tileset-sliced_125.asset using Guid(09bfac194df414fa986e049e7d1f5307) Importer(815301076,1909f56bfc062723c751e8b465ee728b)  -> (artifact id: '743ab3c8fc8093ce56d7626ff08c25d2') in 0.010473 seconds 
========================================================================
Received Import Request.
  Time since last request: 0.000271 seconds.
  path: Assets/Tiny RPG Forest/Artwork/Environment/tileset-sliced_113.asset
  artifactKey: Guid(4e1c368964a2d46b3aeaf224bdc83067) Importer(815301076,1909f56bfc062723c751e8b465ee728b)
Start importing Assets/Tiny RPG Forest/Artwork/Environment/tileset-sliced_113.asset using Guid(4e1c368964a2d46b3aeaf224bdc83067) Importer(815301076,1909f56bfc062723c751e8b465ee728b)  -> (artifact id: 'a73c6cd8532204ba42f716782d7f0438') in 0.009388 seconds 
========================================================================
Received Import Request.
  Time since last request: 0.000276 seconds.
  path: Assets/Tiny RPG Forest/Artwork/Environment/tileset-sliced_120.asset
  artifactKey: Guid(08af02792328646dca23f837a7fe003c) Importer(815301076,1909f56bfc062723c751e8b465ee728b)
Start importing Assets/Tiny RPG Forest/Artwork/Environment/tileset-sliced_120.asset using Guid(08af02792328646dca23f837a7fe003c) Importer(815301076,1909f56bfc062723c751e8b465ee728b)  -> (artifact id: 'c6c8530188201f9fcf27ebd1d4e3605c') in 0.024037 seconds 
========================================================================
Received Import Request.
  Time since last request: 0.000224 seconds.
  path: Assets/Tiny RPG Forest/Artwork/Environment/tileset-sliced_158.asset
  artifactKey: Guid(c25540570f14a4ca9a42af71fdf57408) Importer(815301076,1909f56bfc062723c751e8b465ee728b)
Start importing Assets/Tiny RPG Forest/Artwork/Environment/tileset-sliced_158.asset using Guid(c25540570f14a4ca9a42af71fdf57408) Importer(815301076,1909f56bfc062723c751e8b465ee728b)  -> (artifact id: 'c6fdebffbdb8ebb8f23131dc4d3d532b') in 0.006689 seconds 
========================================================================
Received Import Request.
  Time since last request: 0.000232 seconds.
  path: Assets/Tiny RPG Forest/Artwork/Environment/tileset-sliced_121.asset
  artifactKey: Guid(bbcbc048f0a2c4032825b57e36ba1486) Importer(815301076,1909f56bfc062723c751e8b465ee728b)
Start importing Assets/Tiny RPG Forest/Artwork/Environment/tileset-sliced_121.asset using Guid(bbcbc048f0a2c4032825b57e36ba1486) Importer(815301076,1909f56bfc062723c751e8b465ee728b)  -> (artifact id: 'd8cecae512b207979963df55ca88870b') in 0.005970 seconds 
